<?xml version="1.0" encoding="UTF-8"?>
<robot generated="20150520 19:04:05.449" generator="Robot 2.8.7 (Python 2.7.9 on darwin)">
<suite source="/Users/fionnualahendrick/Documents/workspace/CI-Regression/HomePageLinks.txt" id="s1" name="HomePageLinks">
<test id="s1-t1" name="Links are present on HomePage">
<kw type="kw" name="keywords.Go to homepage">
<doc></doc>
<arguments>
</arguments>
<kw type="kw" name="Selenium2Library.Open Browser">
<doc>Opens a new browser instance to given URL.</doc>
<arguments>
<arg>${HOMEPAGE}</arg>
<arg>${BROWSER}</arg>
</arguments>
<msg timestamp="20150520 19:04:06.192" level="INFO">Opening browser 'Firefox' to base url 'http://websummit.net/'</msg>
<status status="PASS" endtime="20150520 19:04:31.230" starttime="20150520 19:04:06.191"></status>
</kw>
<status status="PASS" endtime="20150520 19:04:31.231" starttime="20150520 19:04:06.190"></status>
</kw>
<kw type="kw" name="keywords.Find Links">
<doc></doc>
<arguments>
</arguments>
<kw type="kw" name="Selenium2Library.Page Should Contain Link">
<doc>Verifies link identified by `locator` is found from current page.</doc>
<arguments>
<arg>${Home_Link}</arg>
</arguments>
<msg timestamp="20150520 19:04:31.695" level="INFO">Current page contains link 'Home'.</msg>
<status status="PASS" endtime="20150520 19:04:31.696" starttime="20150520 19:04:31.232"></status>
</kw>
<kw type="kw" name="Selenium2Library.Page Should Contain Link">
<doc>Verifies link identified by `locator` is found from current page.</doc>
<arguments>
<arg>${Speakers_Link}</arg>
</arguments>
<msg timestamp="20150520 19:04:32.680" level="INFO">Current page contains link 'Speakers'.</msg>
<status status="PASS" endtime="20150520 19:04:32.680" starttime="20150520 19:04:31.696"></status>
</kw>
<status status="PASS" endtime="20150520 19:04:32.680" starttime="20150520 19:04:31.231"></status>
</kw>
<doc></doc>
<tags>
</tags>
<status status="PASS" endtime="20150520 19:04:32.681" critical="yes" starttime="20150520 19:04:06.188"></status>
</test>
<doc></doc>
<metadata>
</metadata>
<status status="PASS" endtime="20150520 19:04:32.687" starttime="20150520 19:04:05.450"></status>
</suite>
<statistics>
<total>
<stat fail="0" pass="1">Critical Tests</stat>
<stat fail="0" pass="1">All Tests</stat>
</total>
<tag>
</tag>
<suite>
<stat fail="0" pass="1" id="s1" name="HomePageLinks">HomePageLinks</stat>
</suite>
</statistics>
<errors>
<msg timestamp="20150520 19:04:06.185" level="ERROR">Error in file '/Users/fionnualahendrick/Documents/workspace/CI-Regression/keywords.txt': Importing test library 'resources.txt' failed: ImportError: No module named resources
Traceback (most recent call last):
  None
PYTHONPATH:
  /Library/Frameworks/Python.framework/Versions/2.7/lib/python2.7/site-packages/robot/libraries
  /Library/Frameworks/Python.framework/Versions/2.7/lib/python2.7/site-packages
  /Library/Frameworks/Python.framework/Versions/2.7/bin
  /Library/Frameworks/Python.framework/Versions/2.7/lib/python27.zip
  /Library/Frameworks/Python.framework/Versions/2.7/lib/python2.7
  /Library/Frameworks/Python.framework/Versions/2.7/lib/python2.7/plat-darwin
  /Library/Frameworks/Python.framework/Versions/2.7/lib/python2.7/plat-mac
  /Library/Frameworks/Python.framework/Versions/2.7/lib/python2.7/plat-mac/lib-scriptpackages
  /Library/Frameworks/Python.framework/Versions/2.7/lib/python2.7/lib-tk
  /Library/Frameworks/Python.framework/Versions/2.7/lib/python2.7/lib-old
  /Library/Frameworks/Python.framework/Versions/2.7/lib/python2.7/lib-dynload
  /Library/Python/2.7/site-packages
  .
  /Users/fionnualahendrick/Documents/workspace/CI-Regression</msg>
</errors>
</robot>
